


ARM Macro Assembler    Page 1 


    1 00000000                 AREA             |.text|, CODE, READONLY, ALIGN=
2
    2 00000000                 THUMB
    3 00000000         
    4 00000000                 IMPORT           CurrentTask
    5 00000000                 IMPORT           ReadyBitMap
    6 00000000                 IMPORT           ReadyQueue
    7 00000000                 EXPORT           PendSV_Handler
    8 00000000         
    9 00000000         PendSV_Handler
   10 00000000 F3EF 8009       MRS              R0,   PSP
   11 00000004         
   12 00000004         ; ======= уАРцЦ░хвЮч╗ИцЮБщШ▓х╛буАСхИдцЦнцШпф╕НцШпчммф╕Ац
                       мбхРпхКия╝Я =======
   13 00000004 2800            CMP              R0,   #0    ; хИдцЦн PSP цОвщТИ
                                                            шп╗хЗ║цЭецШпф╕НцШп 
                                                            0
   14 00000006 D004            BEQ              Switch_Task ; хжВцЮЬцШп 0 (Equa
                                                            l)я╝Мшп┤цШОцШпчммф╕
                                                            АцмбхРпхКия╝Мш╖│ш┐З
                                                            шАБф╗╗хКбхнШцбгя╝Б
   15 00000008         
   16 00000008         ; ======= чммф╕Ах╣Хя╝ЪшАБф╗╗хКбчО░хЬ║ф┐ЭхнШ (щЭЮчммф╕Ацм
                       бцЙНцЙзшбМ) =======
   17 00000008 E920 0FF0       STMDB            R0!,  {R4-R11}
   18 0000000C 490B            LDR              R1,   =CurrentTask
   19 0000000E 6809            LDR              R1,   [R1]
   20 00000010 6008            STR              R0,   [R1]
   21 00000012         
   22 00000012         Switch_Task                          ; уАРцЦ░хвЮцаЗчн╛уА
                                                            Сш┐ЩщЗМцШпхИЗцНвхКи
                                                            ф╜ЬчЪДш╡╖чВ╣
   23 00000012         ; ======= чммф║Мх╣Хя╝Ъч║пц▒Зч╝ЦхЕишЗкхКихИЗцНвшБЪхЕЙчБп 
                       =======
   24 00000012 4A0B            LDR              R2,   =ReadyBitMap
   25 00000014 6812            LDR              R2,   [R2]
   26 00000016 FAB2 F282       CLZ              R2,   R2
   27 0000001A F1C2 021F       RSB              R2,   R2,   #31
   28 0000001E         
   29 0000001E 4B09            LDR              R3,   =ReadyQueue
   30 00000020 F853 3022       LDR              R3,   [R3, R2, LSL #2]
   31 00000024         
   32 00000024 4905            LDR              R1,   =CurrentTask
   33 00000026 600B            STR              R3,   [R1]
   34 00000028         
   35 00000028         ; ======= чммф╕Йх╣Хя╝ЪцЦ░ф╗╗хКбчО░хЬ║цБвхдН =======
   36 00000028 4904            LDR              R1,   =CurrentTask
   37 0000002A 6809            LDR              R1,   [R1]
   38 0000002C 6808            LDR              R0,   [R1]
   39 0000002E         
   40 0000002E E8B0 0FF0       LDMIA            R0!,  {R4-R11}
   41 00000032 F380 8809       MSR              PSP,  R0
   42 00000036 F06F 0E02       LDR              LR,   =0xFFFFFFFD
   43 0000003A 4770            BX               LR
   44 0000003C         
   45 0000003C                 ALIGN
   46 0000003C                 END
              00000000 
              00000000 



ARM Macro Assembler    Page 2 


              00000000 
Command Line: --debug --xref --diag_suppress=9931 --cpu=Cortex-M3 --apcs=interw
ork --depend=.\objects\os_port.d -o.\objects\os_port.o -I.\RTE\_Target_1 -IC:\K
eil_v5\ARM\PACK\Keil\STM32F1xx_DFP\2.4.1\Device\Include -IC:\Keil_v5\ARM\CMSIS\
Include --predefine="__UVISION_VERSION SETA 523" --predefine="STM32F10X_MD SETA
 1" --list=.\listings\os_port.lst minirtos\os_port.s



ARM Macro Assembler    Page 1 Alphabetic symbol ordering
Relocatable symbols

.text 00000000

Symbol: .text
   Definitions
      At line 1 in file minirtos\os_port.s
   Uses
      None
Comment: .text unused
PendSV_Handler 00000000

Symbol: PendSV_Handler
   Definitions
      At line 9 in file minirtos\os_port.s
   Uses
      At line 7 in file minirtos\os_port.s
Comment: PendSV_Handler used once
Switch_Task 00000012

Symbol: Switch_Task
   Definitions
      At line 22 in file minirtos\os_port.s
   Uses
      At line 14 in file minirtos\os_port.s
Comment: Switch_Task used once
3 symbols



ARM Macro Assembler    Page 1 Alphabetic symbol ordering
External symbols

CurrentTask 00000000

Symbol: CurrentTask
   Definitions
      At line 4 in file minirtos\os_port.s
   Uses
      At line 18 in file minirtos\os_port.s
      At line 32 in file minirtos\os_port.s
      At line 36 in file minirtos\os_port.s

ReadyBitMap 00000000

Symbol: ReadyBitMap
   Definitions
      At line 5 in file minirtos\os_port.s
   Uses
      At line 24 in file minirtos\os_port.s
Comment: ReadyBitMap used once
ReadyQueue 00000000

Symbol: ReadyQueue
   Definitions
      At line 6 in file minirtos\os_port.s
   Uses
      At line 29 in file minirtos\os_port.s
Comment: ReadyQueue used once
3 symbols
340 symbols in table
